<?xml version="1.0" encoding="UTF-8"?>
<!-- Generated by org.testng.reporters.JUnitXMLReporter -->
<testsuite ignored="0" hostname="FFE-PraveenM-FFE171" failures="1" tests="1" name="FillForm positive and negative" time="40.273" errors="0" timestamp="2024-12-02T22:32:05 IST">
  <testcase classname="GeneralStore.eCommerce_TC2_ToastMessage" name="FillFormNegative" time="14.74">
    <failure type="java.lang.AssertionError" message="expected [Please your name] but found [Please enter your name]">
      <![CDATA[java.lang.AssertionError: expected [Please your name] but found [Please enter your name]
at GeneralStore.eCommerce_TC2_ToastMessage.FillFormNegative(eCommerce_TC2_ToastMessage.java:27)
at java.base/java.util.ArrayList.forEach(ArrayList.java:1511)
... Removed 33 stack frames]]>
    </failure>
  </testcase> <!-- FillFormNegative -->
</testsuite> <!-- FillForm positive and negative -->
