<?xml version="1.0" encoding="UTF-8"?>
<!-- Generated by org.testng.reporters.JUnitXMLReporter -->
<testsuite ignored="7" hostname="FFE-PraveenM-FFE171" failures="0" tests="2" name="Sanity Test Cases" time="80.007" errors="0" timestamp="2024-12-13T16:40:48 IST">
  <testcase classname="GeneralStore.eCommerce_TC1_fillFormPositive" name="fillForm" time="15.172"/>
  <testcase classname="GeneralStore.eCommerce_TC5_AddToCart" name="AddToCart" time="25.565"/>
  <testcase classname="GeneralStore.eCommerce_TC7_HybridApp" name="AddToCart" time="0.0">
    <ignored/>
  </testcase> <!-- AddToCart -->
  <testcase classname="GeneralStore.MobileBrowserTest" name="MobileBrowser" time="0.0">
    <ignored/>
  </testcase> <!-- MobileBrowser -->
  <testcase classname="GeneralStore.InVokeChromeBrowser" name="ChromeBrowser" time="0.0">
    <ignored/>
  </testcase> <!-- ChromeBrowser -->
  <testcase classname="GeneralStore.eCommerce_TC2_ToastMessage" name="FillFormNegative" time="0.0">
    <ignored/>
  </testcase> <!-- FillFormNegative -->
  <testcase classname="GeneralStore.eCommerce_TC3_ScrollTillLastCountry" name="ScrollTillLastCountry" time="0.0">
    <ignored/>
  </testcase> <!-- ScrollTillLastCountry -->
  <testcase classname="GeneralStore.eCommerce_TC6_SumOfTwoProduct" name="SumOfTwoProduct" time="0.0">
    <ignored/>
  </testcase> <!-- SumOfTwoProduct -->
  <testcase classname="GeneralStore.eCommerce_TC4_NavigateToCartNegative" name="NavigateToCartNegative" time="0.0">
    <ignored/>
  </testcase> <!-- NavigateToCartNegative -->
</testsuite> <!-- Sanity Test Cases -->
