<?xml version="1.0" encoding="UTF-8"?>
<!-- Generated by org.testng.reporters.JUnitXMLReporter -->
<testsuite ignored="0" hostname="FFE-PraveenM-FFE171" failures="1" tests="1" name="End to End" time="42.122" errors="0" timestamp="2024-12-02T20:57:42 IST">
  <testcase classname="GeneralStore.eCommerce_TC4_SumOfTwoProduct" name="AddToCart" time="18.041">
    <failure type="java.lang.NullPointerException" message="Cannot invoke &amp;quot;org.openqa.selenium.WebDriver.findElement(org.openqa.selenium.By)&amp;quot; because &amp;quot;driver&amp;quot; is null">
      <![CDATA[java.lang.NullPointerException: Cannot invoke "org.openqa.selenium.WebDriver.findElement(org.openqa.selenium.By)" because "driver" is null
at org.openqa.selenium.support.ui.ExpectedConditions$41.apply(ExpectedConditions.java:1150)
at org.openqa.selenium.support.ui.ExpectedConditions$41.apply(ExpectedConditions.java:1147)
at org.openqa.selenium.support.ui.FluentWait.until(FluentWait.java:203)
at org.Appium.Utils.AppiumUtils.waitTillVisibilityOfWebElement(AppiumUtils.java:32)
at GeneralStore.eCommerce_TC4_SumOfTwoProduct.AddToCart(eCommerce_TC4_SumOfTwoProduct.java:41)
at java.base/java.util.ArrayList.forEach(ArrayList.java:1511)
... Removed 27 stack frames]]>
    </failure>
  </testcase> <!-- AddToCart -->
</testsuite> <!-- End to End -->
