<?xml version="1.0" encoding="UTF-8"?>
<!-- Generated by org.testng.reporters.JUnitXMLReporter -->
<testsuite ignored="0" hostname="FFE-PraveenM-FFE171" failures="0" tests="2" name="FillForm positive and negative" time="38.992" errors="0" timestamp="2024-11-29T10:22:06 IST">
  <testcase classname="GeneralStore.eCommerce_TC2_ToastMessage" name="FillFormNegative" time="14.9"/>
  <testcase classname="GeneralStore.eCommerce_TC2_ToastMessage" name="fillFormPositive" time="6.183"/>
</testsuite> <!-- FillForm positive and negative -->
