<?xml version="1.0" encoding="UTF-8"?>
<!-- Generated by org.testng.reporters.JUnitXMLReporter -->
<testsuite ignored="0" hostname="FFE-PraveenM-FFE171" failures="0" tests="2" name="FillForm positive and negative" time="44.265" errors="0" timestamp="2024-12-02T20:58:27 IST">
  <testcase classname="GeneralStore.eCommerce_TC2_ToastMessage" name="FillFormNegative" time="15.034"/>
  <testcase classname="GeneralStore.eCommerce_TC2_ToastMessage" name="fillFormPositive" time="5.909"/>
</testsuite> <!-- FillForm positive and negative -->
