<?xml version="1.0" encoding="UTF-8"?>
<!-- Generated by org.testng.reporters.JUnitXMLReporter -->
<testsuite ignored="0" hostname="FFE-PraveenM-FFE171" failures="0" tests="6" name="Test" time="296.146" errors="0" timestamp="2024-12-13T16:32:13 IST">
  <testcase classname="GeneralStore.eCommerce_TC1_fillFormPositive" name="fillForm" time="15.049"/>
  <testcase classname="GeneralStore.eCommerce_TC2_ToastMessage" name="FillFormNegative" time="13.795"/>
  <testcase classname="GeneralStore.eCommerce_TC3_ScrollTillLastCountry" name="ScrollTillLastCountry" time="74.584"/>
  <testcase classname="GeneralStore.eCommerce_TC4_NavigateToCartNegative" name="navigateToCart" time="16.522"/>
  <testcase classname="GeneralStore.eCommerce_TC5_AddToCart" name="AddToCart" time="25.833"/>
  <testcase classname="GeneralStore.eCommerce_TC6_SumOfTwoProduct" name="AddToCart" time="29.564"/>
</testsuite> <!-- Test -->
