<?xml version="1.0" encoding="UTF-8"?>
<testng-results ignored="0" total="2" passed="2" failed="0" skipped="0">
  <reporter-output>
  </reporter-output>
  <suite started-at="2024-12-13T16:39:28 IST" name="Suite2" finished-at="2024-12-13T16:40:48 IST" duration-ms="80007">
    <groups>
      <group name="sanity">
        <method signature="eCommerce_TC1_fillFormPositive.fillForm(java.util.HashMap)[pri:0, instance:GeneralStore.eCommerce_TC1_fillFormPositive@609e8838]" name="fillForm" class="GeneralStore.eCommerce_TC1_fillFormPositive"/>
        <method signature="eCommerce_TC5_AddToCart.AddToCart(java.util.HashMap)[pri:0, instance:GeneralStore.eCommerce_TC5_AddToCart@45d84a20]" name="AddToCart" class="GeneralStore.eCommerce_TC5_AddToCart"/>
      </group> <!-- sanity -->
    </groups>
    <test started-at="2024-12-13T16:39:28 IST" name="Sanity Test Cases" finished-at="2024-12-13T16:40:48 IST" duration-ms="80007">
      <class name="GeneralStore.eCommerce_TC1_fillFormPositive">
        <test-method is-config="true" signature="StartAppiumAndInvokeApp()[pri:0, instance:GeneralStore.eCommerce_TC1_fillFormPositive@609e8838]" started-at="2024-12-13T16:39:28 IST" name="StartAppiumAndInvokeApp" finished-at="2024-12-13T16:39:48 IST" duration-ms="20165" status="PASS">
          <reporter-output>
          </reporter-output>
        </test-method> <!-- StartAppiumAndInvokeApp -->
        <test-method signature="fillForm(java.util.HashMap)[pri:0, instance:GeneralStore.eCommerce_TC1_fillFormPositive@609e8838]" started-at="2024-12-13T16:39:48 IST" name="fillForm" data-provider="getJSONData" finished-at="2024-12-13T16:40:04 IST" duration-ms="15172" status="PASS">
          <params>
            <param index="0">
              <value>
                <![CDATA[{ExplicitTime=10, country=Austria, toastMessageInProductCataloguePage=Please add some product at first, gender=Male, lastCountry=Zimbabwe, toastMessageInFormPage=Please enter your name, name=Praveen, ThreadSleep=5000, productName=Jordan Lift Off}]]>
              </value>
            </param>
          </params>
          <reporter-output>
          </reporter-output>
        </test-method> <!-- fillForm -->
      </class> <!-- GeneralStore.eCommerce_TC1_fillFormPositive -->
      <class name="GeneralStore.eCommerce_TC5_AddToCart">
        <test-method is-config="true" signature="StartAppiumAndInvokeApp()[pri:0, instance:GeneralStore.eCommerce_TC5_AddToCart@45d84a20]" started-at="2024-12-13T16:40:04 IST" name="StartAppiumAndInvokeApp" finished-at="2024-12-13T16:40:22 IST" duration-ms="18575" status="PASS">
          <reporter-output>
          </reporter-output>
        </test-method> <!-- StartAppiumAndInvokeApp -->
        <test-method signature="AddToCart(java.util.HashMap)[pri:0, instance:GeneralStore.eCommerce_TC5_AddToCart@45d84a20]" started-at="2024-12-13T16:40:22 IST" name="AddToCart" data-provider="getJSONData" finished-at="2024-12-13T16:40:48 IST" duration-ms="25565" status="PASS">
          <params>
            <param index="0">
              <value>
                <![CDATA[{ExplicitTime=10, country=Austria, toastMessageInProductCataloguePage=Please add some product at first, gender=Male, lastCountry=Zimbabwe, toastMessageInFormPage=Please enter your name, name=Praveen, ThreadSleep=5000, productName=Jordan Lift Off}]]>
              </value>
            </param>
          </params>
          <reporter-output>
          </reporter-output>
        </test-method> <!-- AddToCart -->
      </class> <!-- GeneralStore.eCommerce_TC5_AddToCart -->
    </test> <!-- Sanity Test Cases -->
  </suite> <!-- Suite2 -->
</testng-results>
