<?xml version="1.0" encoding="UTF-8"?>
<testng-results ignored="0" total="1" passed="1" failed="0" skipped="0">
  <reporter-output>
  </reporter-output>
  <suite started-at="2024-12-16T10:39:38 IST" name="Default suite" finished-at="2024-12-16T10:40:19 IST" duration-ms="41152">
    <groups>
      <group name="sanity">
        <method signature="eCommerce_TC1_fillFormPositive.fillForm(java.util.HashMap)[pri:0, instance:GeneralStore.eCommerce_TC1_fillFormPositive@5afa3c9]" name="fillForm" class="GeneralStore.eCommerce_TC1_fillFormPositive"/>
      </group> <!-- sanity -->
    </groups>
    <test started-at="2024-12-16T10:39:38 IST" name="Default test" finished-at="2024-12-16T10:40:19 IST" duration-ms="41152">
      <class name="GeneralStore.eCommerce_TC1_fillFormPositive">
        <test-method is-config="true" signature="StartAppiumAndInvokeApp()[pri:0, instance:GeneralStore.eCommerce_TC1_fillFormPositive@5afa3c9]" started-at="2024-12-16T10:39:38 IST" name="StartAppiumAndInvokeApp" finished-at="2024-12-16T10:40:02 IST" duration-ms="24499" status="PASS">
          <reporter-output>
          </reporter-output>
        </test-method> <!-- StartAppiumAndInvokeApp -->
        <test-method signature="fillForm(java.util.HashMap)[pri:0, instance:GeneralStore.eCommerce_TC1_fillFormPositive@5afa3c9]" started-at="2024-12-16T10:40:03 IST" name="fillForm" data-provider="getJSONData" finished-at="2024-12-16T10:40:18 IST" duration-ms="15209" status="PASS">
          <params>
            <param index="0">
              <value>
                <![CDATA[{ExplicitTime=10, country=Austria, toastMessageInProductCataloguePage=Please add some product at first, gender=Male, lastCountry=Zimbabwe, toastMessageInFormPage=Please enter your name, name=Praveen, ThreadSleep=5000, productName=Jordan Lift Off}]]>
              </value>
            </param>
          </params>
          <reporter-output>
          </reporter-output>
        </test-method> <!-- fillForm -->
        <test-method is-config="true" signature="tearDown()[pri:0, instance:GeneralStore.eCommerce_TC1_fillFormPositive@5afa3c9]" started-at="2024-12-16T10:40:18 IST" name="tearDown" finished-at="2024-12-16T10:40:19 IST" duration-ms="897" status="PASS">
          <reporter-output>
          </reporter-output>
        </test-method> <!-- tearDown -->
      </class> <!-- GeneralStore.eCommerce_TC1_fillFormPositive -->
    </test> <!-- Default test -->
  </suite> <!-- Default suite -->
</testng-results>
